<?xml version="1.0" encoding="UTF-8"?>
<!-- Generated by org.testng.reporters.JUnitReportReporter -->
<testsuite skipped="0" hostname="LAPTOP-DFMG64CJ" name="testCases.executeTest" tests="1" failures="0" timestamp="2021-06-04T19:24:50 IST" time="12.026" errors="0">
  <testcase name="testLogin" time="12.026" classname="testCases.executeTest"/>
  <system-out/>
</testsuite> <!-- testCases.executeTest -->
