<?xml version="1.0" encoding="UTF-8"?>
<!-- Generated by org.testng.reporters.JUnitReportReporter -->
<testsuite skipped="0" hostname="LAPTOP-DFMG64CJ" name="poc.shruti.test.AutomationTest" tests="1" failures="0" timestamp="2021-06-10T11:05:25 IST" time="11.272" errors="0">
  <testcase name="testLogin" time="11.272" classname="poc.shruti.test.AutomationTest"/>
  <system-out/>
</testsuite> <!-- poc.shruti.test.AutomationTest -->
